2012/12/28 12:00:00 [error] [exception.CHttpException.404] exception 'CHttpException' with message 'Unable to resolve the request "guii".' in /var/www/yii-1.1.12/framework/web/CWebApplication.php:287
Stack trace:
#0 /var/www/yii-1.1.12/framework/web/CWebApplication.php(142): CWebApplication->runController('guii')
#1 /var/www/yii-1.1.12/framework/base/CApplication.php(162): CWebApplication->processRequest()
#2 /var/www/hydroplantae/index.php(13): CApplication->run()
#3 {main}
REQUEST_URI=/hydroplantae/index.php?r=guii
---
2012/12/28 15:25:33 [error] [exception.CHttpException.404] exception 'CHttpException' with message 'Unable to resolve the request "guii".' in /var/www/yii-1.1.12/framework/web/CWebApplication.php:287
Stack trace:
#0 /var/www/yii-1.1.12/framework/web/CWebApplication.php(142): CWebApplication->runController('guii')
#1 /var/www/yii-1.1.12/framework/base/CApplication.php(162): CWebApplication->processRequest()
#2 /var/www/hydroplantae/index.php(13): CApplication->run()
#3 {main}
REQUEST_URI=/hydroplantae/index.php?r=guii
---
2012/12/29 11:24:22 [error] [exception.CHttpException.404] exception 'CHttpException' with message 'Unable to resolve the request "guii".' in /var/www/yii-1.1.12/framework/web/CWebApplication.php:287
Stack trace:
#0 /var/www/yii-1.1.12/framework/web/CWebApplication.php(142): CWebApplication->runController('guii')
#1 /var/www/yii-1.1.12/framework/base/CApplication.php(162): CWebApplication->processRequest()
#2 /var/www/hydroplantae/index.php(13): CApplication->run()
#3 {main}
REQUEST_URI=/hydroplantae/index.php?r=guii
---
2013/01/02 12:21:18 [error] [exception.CHttpException.404] exception 'CHttpException' with message 'Unable to resolve the request "guii".' in /var/www/yii-1.1.12/framework/web/CWebApplication.php:287
Stack trace:
#0 /var/www/yii-1.1.12/framework/web/CWebApplication.php(142): CWebApplication->runController('guii')
#1 /var/www/yii-1.1.12/framework/base/CApplication.php(162): CWebApplication->processRequest()
#2 /var/www/hidroplantae/index.php(13): CApplication->run()
#3 {main}
REQUEST_URI=/hidroplantae/index.php?r=guii
---
2013/01/02 12:22:19 [error] [system.db.CDbCommand] CDbCommand::fetchAll() failed: SQLSTATE[42S02]: Base table or view not found: 1146 Table 'hidro.users' doesn't exist. The SQL statement executed was: SHOW COLUMNS FROM `users`.
in /var/www/hidroplantae/index.php (13)
2013/01/02 12:22:27 [error] [system.db.CDbCommand] CDbCommand::fetchAll() failed: SQLSTATE[42S02]: Base table or view not found: 1146 Table 'hidro.users' doesn't exist. The SQL statement executed was: SHOW COLUMNS FROM `users`.
in /var/www/hidroplantae/index.php (13)
2013/01/02 12:22:53 [error] [system.db.CDbCommand] CDbCommand::fetchAll() failed: SQLSTATE[42S02]: Base table or view not found: 1146 Table 'hidro.user' doesn't exist. The SQL statement executed was: SHOW COLUMNS FROM `user`.
in /var/www/hidroplantae/index.php (13)
2013/01/02 14:11:18 [error] [system.db.CDbCommand] CDbCommand::fetchAll() failed: SQLSTATE[42S02]: Base table or view not found: 1146 Table 'hidro.{{users}}' doesn't exist. The SQL statement executed was: SHOW COLUMNS FROM `{{users}}`.
in /var/www/hidroplantae/protected/modules/user/controllers/RegistrationController.php (25)
in /var/www/hidroplantae/index.php (13)
2013/01/02 14:11:18 [error] [exception.CDbException] exception 'CDbException' with message 'The table "{{users}}" for active record class "RegistrationForm" cannot be found in the database.' in /var/www/yii-1.1.12/framework/db/ar/CActiveRecord.php:2312
Stack trace:
#0 /var/www/yii-1.1.12/framework/db/ar/CActiveRecord.php(388): CActiveRecordMetaData->__construct(Object(RegistrationForm))
#1 /var/www/yii-1.1.12/framework/db/ar/CActiveRecord.php(403): CActiveRecord::model('RegistrationFor...')
#2 /var/www/yii-1.1.12/framework/db/ar/CActiveRecord.php(78): CActiveRecord->getMetaData()
#3 /var/www/hidroplantae/protected/modules/user/controllers/RegistrationController.php(25): CActiveRecord->__construct()
#4 /var/www/yii-1.1.12/framework/web/actions/CInlineAction.php(50): RegistrationController->actionRegistration()
#5 /var/www/yii-1.1.12/framework/web/CController.php(309): CInlineAction->runWithParams(Array)
#6 /var/www/yii-1.1.12/framework/web/CController.php(287): CController->runAction(Object(CInlineAction))
#7 /var/www/yii-1.1.12/framework/web/CController.php(266): CController->runActionWithFilters(Object(CInlineAction), Array)
#8 /var/www/yii-1.1.12/framework/web/CWebApplication.php(283): CController->run('')
#9 /var/www/yii-1.1.12/framework/web/CWebApplication.php(142): CWebApplication->runController('user/registrati...')
#10 /var/www/yii-1.1.12/framework/base/CApplication.php(162): CWebApplication->processRequest()
#11 /var/www/hidroplantae/index.php(13): CApplication->run()
#12 {main}
REQUEST_URI=/hidroplantae/index.php?r=user/registration
HTTP_REFERER=http://localhost/hidroplantae/index.php?r=user/login
---
2013/01/02 14:11:31 [error] [system.db.CDbCommand] CDbCommand::fetchAll() failed: SQLSTATE[42S02]: Base table or view not found: 1146 Table 'hidro.{{users}}' doesn't exist. The SQL statement executed was: SHOW COLUMNS FROM `{{users}}`.
in /var/www/hidroplantae/protected/modules/user/controllers/RegistrationController.php (25)
in /var/www/hidroplantae/index.php (13)
2013/01/02 14:11:31 [error] [exception.CDbException] exception 'CDbException' with message 'The table "{{users}}" for active record class "RegistrationForm" cannot be found in the database.' in /var/www/yii-1.1.12/framework/db/ar/CActiveRecord.php:2312
Stack trace:
#0 /var/www/yii-1.1.12/framework/db/ar/CActiveRecord.php(388): CActiveRecordMetaData->__construct(Object(RegistrationForm))
#1 /var/www/yii-1.1.12/framework/db/ar/CActiveRecord.php(403): CActiveRecord::model('RegistrationFor...')
#2 /var/www/yii-1.1.12/framework/db/ar/CActiveRecord.php(78): CActiveRecord->getMetaData()
#3 /var/www/hidroplantae/protected/modules/user/controllers/RegistrationController.php(25): CActiveRecord->__construct()
#4 /var/www/yii-1.1.12/framework/web/actions/CInlineAction.php(50): RegistrationController->actionRegistration()
#5 /var/www/yii-1.1.12/framework/web/CController.php(309): CInlineAction->runWithParams(Array)
#6 /var/www/yii-1.1.12/framework/web/CController.php(287): CController->runAction(Object(CInlineAction))
#7 /var/www/yii-1.1.12/framework/web/CController.php(266): CController->runActionWithFilters(Object(CInlineAction), Array)
#8 /var/www/yii-1.1.12/framework/web/CWebApplication.php(283): CController->run('')
#9 /var/www/yii-1.1.12/framework/web/CWebApplication.php(142): CWebApplication->runController('user/registrati...')
#10 /var/www/yii-1.1.12/framework/base/CApplication.php(162): CWebApplication->processRequest()
#11 /var/www/hidroplantae/index.php(13): CApplication->run()
#12 {main}
REQUEST_URI=/hidroplantae/index.php?r=user/registration
HTTP_REFERER=http://localhost/hidroplantae/index.php?r=user/login
---
2013/01/02 14:13:05 [error] [system.db.CDbCommand] CDbCommand::fetchAll() failed: SQLSTATE[42S02]: Base table or view not found: 1146 Table 'hidro.{{users}}' doesn't exist. The SQL statement executed was: SHOW COLUMNS FROM `{{users}}`.
in /var/www/hidroplantae/protected/modules/user/controllers/RegistrationController.php (25)
in /var/www/hidroplantae/index.php (13)
2013/01/02 14:13:05 [error] [exception.CDbException] exception 'CDbException' with message 'The table "{{users}}" for active record class "RegistrationForm" cannot be found in the database.' in /var/www/yii-1.1.12/framework/db/ar/CActiveRecord.php:2312
Stack trace:
#0 /var/www/yii-1.1.12/framework/db/ar/CActiveRecord.php(388): CActiveRecordMetaData->__construct(Object(RegistrationForm))
#1 /var/www/yii-1.1.12/framework/db/ar/CActiveRecord.php(403): CActiveRecord::model('RegistrationFor...')
#2 /var/www/yii-1.1.12/framework/db/ar/CActiveRecord.php(78): CActiveRecord->getMetaData()
#3 /var/www/hidroplantae/protected/modules/user/controllers/RegistrationController.php(25): CActiveRecord->__construct()
#4 /var/www/yii-1.1.12/framework/web/actions/CInlineAction.php(50): RegistrationController->actionRegistration()
#5 /var/www/yii-1.1.12/framework/web/CController.php(309): CInlineAction->runWithParams(Array)
#6 /var/www/yii-1.1.12/framework/web/CController.php(287): CController->runAction(Object(CInlineAction))
#7 /var/www/yii-1.1.12/framework/web/CController.php(266): CController->runActionWithFilters(Object(CInlineAction), Array)
#8 /var/www/yii-1.1.12/framework/web/CWebApplication.php(283): CController->run('')
#9 /var/www/yii-1.1.12/framework/web/CWebApplication.php(142): CWebApplication->runController('user/registrati...')
#10 /var/www/yii-1.1.12/framework/base/CApplication.php(162): CWebApplication->processRequest()
#11 /var/www/hidroplantae/index.php(13): CApplication->run()
#12 {main}
REQUEST_URI=/hidroplantae/index.php?r=user/registration
HTTP_REFERER=http://localhost/hidroplantae/index.php?r=user/login
---
2013/01/02 14:13:08 [error] [system.db.CDbCommand] CDbCommand::fetchAll() failed: SQLSTATE[42S02]: Base table or view not found: 1146 Table 'hidro.{{users}}' doesn't exist. The SQL statement executed was: SHOW COLUMNS FROM `{{users}}`.
in /var/www/hidroplantae/protected/modules/user/controllers/RegistrationController.php (25)
in /var/www/hidroplantae/index.php (13)
2013/01/02 14:13:08 [error] [exception.CDbException] exception 'CDbException' with message 'The table "{{users}}" for active record class "RegistrationForm" cannot be found in the database.' in /var/www/yii-1.1.12/framework/db/ar/CActiveRecord.php:2312
Stack trace:
#0 /var/www/yii-1.1.12/framework/db/ar/CActiveRecord.php(388): CActiveRecordMetaData->__construct(Object(RegistrationForm))
#1 /var/www/yii-1.1.12/framework/db/ar/CActiveRecord.php(403): CActiveRecord::model('RegistrationFor...')
#2 /var/www/yii-1.1.12/framework/db/ar/CActiveRecord.php(78): CActiveRecord->getMetaData()
#3 /var/www/hidroplantae/protected/modules/user/controllers/RegistrationController.php(25): CActiveRecord->__construct()
#4 /var/www/yii-1.1.12/framework/web/actions/CInlineAction.php(50): RegistrationController->actionRegistration()
#5 /var/www/yii-1.1.12/framework/web/CController.php(309): CInlineAction->runWithParams(Array)
#6 /var/www/yii-1.1.12/framework/web/CController.php(287): CController->runAction(Object(CInlineAction))
#7 /var/www/yii-1.1.12/framework/web/CController.php(266): CController->runActionWithFilters(Object(CInlineAction), Array)
#8 /var/www/yii-1.1.12/framework/web/CWebApplication.php(283): CController->run('')
#9 /var/www/yii-1.1.12/framework/web/CWebApplication.php(142): CWebApplication->runController('user/registrati...')
#10 /var/www/yii-1.1.12/framework/base/CApplication.php(162): CWebApplication->processRequest()
#11 /var/www/hidroplantae/index.php(13): CApplication->run()
#12 {main}
REQUEST_URI=/hidroplantae/index.php?r=user/registration
HTTP_REFERER=http://localhost/hidroplantae/index.php?r=user/login
---
2013/01/02 14:18:26 [error] [system.db.CDbCommand] CDbCommand::fetchAll() failed: SQLSTATE[42S02]: Base table or view not found: 1146 Table 'hidro.{{users}}' doesn't exist. The SQL statement executed was: SHOW COLUMNS FROM `{{users}}`.
in /var/www/hidroplantae/protected/modules/user/controllers/RegistrationController.php (25)
in /var/www/hidroplantae/index.php (13)
2013/01/02 14:18:26 [error] [exception.CDbException] exception 'CDbException' with message 'The table "{{users}}" for active record class "RegistrationForm" cannot be found in the database.' in /var/www/yii-1.1.12/framework/db/ar/CActiveRecord.php:2312
Stack trace:
#0 /var/www/yii-1.1.12/framework/db/ar/CActiveRecord.php(388): CActiveRecordMetaData->__construct(Object(RegistrationForm))
#1 /var/www/yii-1.1.12/framework/db/ar/CActiveRecord.php(403): CActiveRecord::model('RegistrationFor...')
#2 /var/www/yii-1.1.12/framework/db/ar/CActiveRecord.php(78): CActiveRecord->getMetaData()
#3 /var/www/hidroplantae/protected/modules/user/controllers/RegistrationController.php(25): CActiveRecord->__construct()
#4 /var/www/yii-1.1.12/framework/web/actions/CInlineAction.php(50): RegistrationController->actionRegistration()
#5 /var/www/yii-1.1.12/framework/web/CController.php(309): CInlineAction->runWithParams(Array)
#6 /var/www/yii-1.1.12/framework/web/CController.php(287): CController->runAction(Object(CInlineAction))
#7 /var/www/yii-1.1.12/framework/web/CController.php(266): CController->runActionWithFilters(Object(CInlineAction), Array)
#8 /var/www/yii-1.1.12/framework/web/CWebApplication.php(283): CController->run('')
#9 /var/www/yii-1.1.12/framework/web/CWebApplication.php(142): CWebApplication->runController('user/registrati...')
#10 /var/www/yii-1.1.12/framework/base/CApplication.php(162): CWebApplication->processRequest()
#11 /var/www/hidroplantae/index.php(13): CApplication->run()
#12 {main}
REQUEST_URI=/hidroplantae/index.php?r=user/registration
HTTP_REFERER=http://localhost/hidroplantae/index.php?r=user/login
---
2013/01/02 14:18:32 [error] [system.db.CDbCommand] CDbCommand::fetchAll() failed: SQLSTATE[42S02]: Base table or view not found: 1146 Table 'hidro.{{users}}' doesn't exist. The SQL statement executed was: SHOW COLUMNS FROM `{{users}}`.
in /var/www/hidroplantae/protected/modules/user/controllers/RegistrationController.php (25)
in /var/www/hidroplantae/index.php (13)
2013/01/02 14:18:32 [error] [exception.CDbException] exception 'CDbException' with message 'The table "{{users}}" for active record class "RegistrationForm" cannot be found in the database.' in /var/www/yii-1.1.12/framework/db/ar/CActiveRecord.php:2312
Stack trace:
#0 /var/www/yii-1.1.12/framework/db/ar/CActiveRecord.php(388): CActiveRecordMetaData->__construct(Object(RegistrationForm))
#1 /var/www/yii-1.1.12/framework/db/ar/CActiveRecord.php(403): CActiveRecord::model('RegistrationFor...')
#2 /var/www/yii-1.1.12/framework/db/ar/CActiveRecord.php(78): CActiveRecord->getMetaData()
#3 /var/www/hidroplantae/protected/modules/user/controllers/RegistrationController.php(25): CActiveRecord->__construct()
#4 /var/www/yii-1.1.12/framework/web/actions/CInlineAction.php(50): RegistrationController->actionRegistration()
#5 /var/www/yii-1.1.12/framework/web/CController.php(309): CInlineAction->runWithParams(Array)
#6 /var/www/yii-1.1.12/framework/web/CController.php(287): CController->runAction(Object(CInlineAction))
#7 /var/www/yii-1.1.12/framework/web/CController.php(266): CController->runActionWithFilters(Object(CInlineAction), Array)
#8 /var/www/yii-1.1.12/framework/web/CWebApplication.php(283): CController->run('')
#9 /var/www/yii-1.1.12/framework/web/CWebApplication.php(142): CWebApplication->runController('user/registrati...')
#10 /var/www/yii-1.1.12/framework/base/CApplication.php(162): CWebApplication->processRequest()
#11 /var/www/hidroplantae/index.php(13): CApplication->run()
#12 {main}
REQUEST_URI=/hidroplantae/index.php?r=user/registration
HTTP_REFERER=http://localhost/hidroplantae/index.php?r=user/login
---
2013/01/02 14:23:25 [error] [system.db.CDbCommand] CDbCommand::fetchAll() failed: SQLSTATE[42S02]: Base table or view not found: 1146 Table 'hidro.{{users}}' doesn't exist. The SQL statement executed was: SHOW COLUMNS FROM `{{users}}`.
in /var/www/hidroplantae/protected/modules/user/controllers/RegistrationController.php (25)
in /var/www/hidroplantae/index.php (13)
2013/01/02 14:23:25 [error] [exception.CDbException] exception 'CDbException' with message 'The table "{{users}}" for active record class "RegistrationForm" cannot be found in the database.' in /var/www/yii-1.1.12/framework/db/ar/CActiveRecord.php:2312
Stack trace:
#0 /var/www/yii-1.1.12/framework/db/ar/CActiveRecord.php(388): CActiveRecordMetaData->__construct(Object(RegistrationForm))
#1 /var/www/yii-1.1.12/framework/db/ar/CActiveRecord.php(403): CActiveRecord::model('RegistrationFor...')
#2 /var/www/yii-1.1.12/framework/db/ar/CActiveRecord.php(78): CActiveRecord->getMetaData()
#3 /var/www/hidroplantae/protected/modules/user/controllers/RegistrationController.php(25): CActiveRecord->__construct()
#4 /var/www/yii-1.1.12/framework/web/actions/CInlineAction.php(50): RegistrationController->actionRegistration()
#5 /var/www/yii-1.1.12/framework/web/CController.php(309): CInlineAction->runWithParams(Array)
#6 /var/www/yii-1.1.12/framework/web/CController.php(287): CController->runAction(Object(CInlineAction))
#7 /var/www/yii-1.1.12/framework/web/CController.php(266): CController->runActionWithFilters(Object(CInlineAction), Array)
#8 /var/www/yii-1.1.12/framework/web/CWebApplication.php(283): CController->run('')
#9 /var/www/yii-1.1.12/framework/web/CWebApplication.php(142): CWebApplication->runController('user/registrati...')
#10 /var/www/yii-1.1.12/framework/base/CApplication.php(162): CWebApplication->processRequest()
#11 /var/www/hidroplantae/index.php(13): CApplication->run()
#12 {main}
REQUEST_URI=/hidroplantae/index.php?r=user/registration
HTTP_REFERER=http://localhost/hidroplantae/index.php?r=user/login
---
2013/01/02 14:23:31 [error] [system.db.CDbCommand] CDbCommand::fetchAll() failed: SQLSTATE[42S02]: Base table or view not found: 1146 Table 'hidro.{{users}}' doesn't exist. The SQL statement executed was: SHOW COLUMNS FROM `{{users}}`.
in /var/www/hidroplantae/protected/modules/user/controllers/RegistrationController.php (25)
in /var/www/hidroplantae/index.php (13)
2013/01/02 14:23:31 [error] [exception.CDbException] exception 'CDbException' with message 'The table "{{users}}" for active record class "RegistrationForm" cannot be found in the database.' in /var/www/yii-1.1.12/framework/db/ar/CActiveRecord.php:2312
Stack trace:
#0 /var/www/yii-1.1.12/framework/db/ar/CActiveRecord.php(388): CActiveRecordMetaData->__construct(Object(RegistrationForm))
#1 /var/www/yii-1.1.12/framework/db/ar/CActiveRecord.php(403): CActiveRecord::model('RegistrationFor...')
#2 /var/www/yii-1.1.12/framework/db/ar/CActiveRecord.php(78): CActiveRecord->getMetaData()
#3 /var/www/hidroplantae/protected/modules/user/controllers/RegistrationController.php(25): CActiveRecord->__construct()
#4 /var/www/yii-1.1.12/framework/web/actions/CInlineAction.php(50): RegistrationController->actionRegistration()
#5 /var/www/yii-1.1.12/framework/web/CController.php(309): CInlineAction->runWithParams(Array)
#6 /var/www/yii-1.1.12/framework/web/CController.php(287): CController->runAction(Object(CInlineAction))
#7 /var/www/yii-1.1.12/framework/web/CController.php(266): CController->runActionWithFilters(Object(CInlineAction), Array)
#8 /var/www/yii-1.1.12/framework/web/CWebApplication.php(283): CController->run('')
#9 /var/www/yii-1.1.12/framework/web/CWebApplication.php(142): CWebApplication->runController('user/registrati...')
#10 /var/www/yii-1.1.12/framework/base/CApplication.php(162): CWebApplication->processRequest()
#11 /var/www/hidroplantae/index.php(13): CApplication->run()
#12 {main}
REQUEST_URI=/hidroplantae/index.php?r=user/registration
HTTP_REFERER=http://localhost/hidroplantae/index.php?r=user/login
---
2013/01/02 14:25:06 [error] [system.db.CDbCommand] CDbCommand::fetchAll() failed: SQLSTATE[42S02]: Base table or view not found: 1146 Table 'hidro.{{users}}' doesn't exist. The SQL statement executed was: SHOW COLUMNS FROM `{{users}}`.
in /var/www/hidroplantae/protected/modules/user/controllers/RegistrationController.php (25)
in /var/www/hidroplantae/index.php (13)
2013/01/02 14:25:06 [error] [exception.CDbException] exception 'CDbException' with message 'The table "{{users}}" for active record class "RegistrationForm" cannot be found in the database.' in /var/www/yii-1.1.12/framework/db/ar/CActiveRecord.php:2312
Stack trace:
#0 /var/www/yii-1.1.12/framework/db/ar/CActiveRecord.php(388): CActiveRecordMetaData->__construct(Object(RegistrationForm))
#1 /var/www/yii-1.1.12/framework/db/ar/CActiveRecord.php(403): CActiveRecord::model('RegistrationFor...')
#2 /var/www/yii-1.1.12/framework/db/ar/CActiveRecord.php(78): CActiveRecord->getMetaData()
#3 /var/www/hidroplantae/protected/modules/user/controllers/RegistrationController.php(25): CActiveRecord->__construct()
#4 /var/www/yii-1.1.12/framework/web/actions/CInlineAction.php(50): RegistrationController->actionRegistration()
#5 /var/www/yii-1.1.12/framework/web/CController.php(309): CInlineAction->runWithParams(Array)
#6 /var/www/yii-1.1.12/framework/web/CController.php(287): CController->runAction(Object(CInlineAction))
#7 /var/www/yii-1.1.12/framework/web/CController.php(266): CController->runActionWithFilters(Object(CInlineAction), Array)
#8 /var/www/yii-1.1.12/framework/web/CWebApplication.php(283): CController->run('')
#9 /var/www/yii-1.1.12/framework/web/CWebApplication.php(142): CWebApplication->runController('user/registrati...')
#10 /var/www/yii-1.1.12/framework/base/CApplication.php(162): CWebApplication->processRequest()
#11 /var/www/hidroplantae/index.php(13): CApplication->run()
#12 {main}
REQUEST_URI=/hidroplantae/index.php?r=user/registration
HTTP_REFERER=http://localhost/hidroplantae/index.php?r=user/login
---
2013/01/02 14:25:06 [error] [system.db.CDbCommand] CDbCommand::fetchAll() failed: SQLSTATE[42S02]: Base table or view not found: 1146 Table 'hidro.{{users}}' doesn't exist. The SQL statement executed was: SHOW COLUMNS FROM `{{users}}`.
in /var/www/hidroplantae/protected/modules/user/controllers/RegistrationController.php (25)
in /var/www/hidroplantae/index.php (13)
2013/01/02 14:25:06 [error] [exception.CDbException] exception 'CDbException' with message 'The table "{{users}}" for active record class "RegistrationForm" cannot be found in the database.' in /var/www/yii-1.1.12/framework/db/ar/CActiveRecord.php:2312
Stack trace:
#0 /var/www/yii-1.1.12/framework/db/ar/CActiveRecord.php(388): CActiveRecordMetaData->__construct(Object(RegistrationForm))
#1 /var/www/yii-1.1.12/framework/db/ar/CActiveRecord.php(403): CActiveRecord::model('RegistrationFor...')
#2 /var/www/yii-1.1.12/framework/db/ar/CActiveRecord.php(78): CActiveRecord->getMetaData()
#3 /var/www/hidroplantae/protected/modules/user/controllers/RegistrationController.php(25): CActiveRecord->__construct()
#4 /var/www/yii-1.1.12/framework/web/actions/CInlineAction.php(50): RegistrationController->actionRegistration()
#5 /var/www/yii-1.1.12/framework/web/CController.php(309): CInlineAction->runWithParams(Array)
#6 /var/www/yii-1.1.12/framework/web/CController.php(287): CController->runAction(Object(CInlineAction))
#7 /var/www/yii-1.1.12/framework/web/CController.php(266): CController->runActionWithFilters(Object(CInlineAction), Array)
#8 /var/www/yii-1.1.12/framework/web/CWebApplication.php(283): CController->run('')
#9 /var/www/yii-1.1.12/framework/web/CWebApplication.php(142): CWebApplication->runController('user/registrati...')
#10 /var/www/yii-1.1.12/framework/base/CApplication.php(162): CWebApplication->processRequest()
#11 /var/www/hidroplantae/index.php(13): CApplication->run()
#12 {main}
REQUEST_URI=/hidroplantae/index.php?r=user/registration
HTTP_REFERER=http://localhost/hidroplantae/index.php?r=user/login
---
2013/01/02 14:25:07 [error] [system.db.CDbCommand] CDbCommand::fetchAll() failed: SQLSTATE[42S02]: Base table or view not found: 1146 Table 'hidro.{{users}}' doesn't exist. The SQL statement executed was: SHOW COLUMNS FROM `{{users}}`.
in /var/www/hidroplantae/protected/modules/user/controllers/RegistrationController.php (25)
in /var/www/hidroplantae/index.php (13)
2013/01/02 14:25:07 [error] [exception.CDbException] exception 'CDbException' with message 'The table "{{users}}" for active record class "RegistrationForm" cannot be found in the database.' in /var/www/yii-1.1.12/framework/db/ar/CActiveRecord.php:2312
Stack trace:
#0 /var/www/yii-1.1.12/framework/db/ar/CActiveRecord.php(388): CActiveRecordMetaData->__construct(Object(RegistrationForm))
#1 /var/www/yii-1.1.12/framework/db/ar/CActiveRecord.php(403): CActiveRecord::model('RegistrationFor...')
#2 /var/www/yii-1.1.12/framework/db/ar/CActiveRecord.php(78): CActiveRecord->getMetaData()
#3 /var/www/hidroplantae/protected/modules/user/controllers/RegistrationController.php(25): CActiveRecord->__construct()
#4 /var/www/yii-1.1.12/framework/web/actions/CInlineAction.php(50): RegistrationController->actionRegistration()
#5 /var/www/yii-1.1.12/framework/web/CController.php(309): CInlineAction->runWithParams(Array)
#6 /var/www/yii-1.1.12/framework/web/CController.php(287): CController->runAction(Object(CInlineAction))
#7 /var/www/yii-1.1.12/framework/web/CController.php(266): CController->runActionWithFilters(Object(CInlineAction), Array)
#8 /var/www/yii-1.1.12/framework/web/CWebApplication.php(283): CController->run('')
#9 /var/www/yii-1.1.12/framework/web/CWebApplication.php(142): CWebApplication->runController('user/registrati...')
#10 /var/www/yii-1.1.12/framework/base/CApplication.php(162): CWebApplication->processRequest()
#11 /var/www/hidroplantae/index.php(13): CApplication->run()
#12 {main}
REQUEST_URI=/hidroplantae/index.php?r=user/registration
HTTP_REFERER=http://localhost/hidroplantae/index.php?r=user/login
---
2013/01/02 14:25:15 [error] [system.db.CDbCommand] CDbCommand::fetchAll() failed: SQLSTATE[42S02]: Base table or view not found: 1146 Table 'hidro.{{users}}' doesn't exist. The SQL statement executed was: SHOW COLUMNS FROM `{{users}}`.
in /var/www/hidroplantae/protected/modules/user/controllers/RegistrationController.php (25)
in /var/www/hidroplantae/index.php (13)
2013/01/02 14:25:15 [error] [exception.CDbException] exception 'CDbException' with message 'The table "{{users}}" for active record class "RegistrationForm" cannot be found in the database.' in /var/www/yii-1.1.12/framework/db/ar/CActiveRecord.php:2312
Stack trace:
#0 /var/www/yii-1.1.12/framework/db/ar/CActiveRecord.php(388): CActiveRecordMetaData->__construct(Object(RegistrationForm))
#1 /var/www/yii-1.1.12/framework/db/ar/CActiveRecord.php(403): CActiveRecord::model('RegistrationFor...')
#2 /var/www/yii-1.1.12/framework/db/ar/CActiveRecord.php(78): CActiveRecord->getMetaData()
#3 /var/www/hidroplantae/protected/modules/user/controllers/RegistrationController.php(25): CActiveRecord->__construct()
#4 /var/www/yii-1.1.12/framework/web/actions/CInlineAction.php(50): RegistrationController->actionRegistration()
#5 /var/www/yii-1.1.12/framework/web/CController.php(309): CInlineAction->runWithParams(Array)
#6 /var/www/yii-1.1.12/framework/web/CController.php(287): CController->runAction(Object(CInlineAction))
#7 /var/www/yii-1.1.12/framework/web/CController.php(266): CController->runActionWithFilters(Object(CInlineAction), Array)
#8 /var/www/yii-1.1.12/framework/web/CWebApplication.php(283): CController->run('')
#9 /var/www/yii-1.1.12/framework/web/CWebApplication.php(142): CWebApplication->runController('user/registrati...')
#10 /var/www/yii-1.1.12/framework/base/CApplication.php(162): CWebApplication->processRequest()
#11 /var/www/hidroplantae/index.php(13): CApplication->run()
#12 {main}
REQUEST_URI=/hidroplantae/index.php?r=user/registration
HTTP_REFERER=http://localhost/hidroplantae/index.php?r=user/login
---
2013/01/02 14:25:59 [error] [exception.CHttpException.403] exception 'CHttpException' with message 'You are not allowed to access this page.' in /var/www/yii-1.1.12/framework/gii/GiiModule.php:169
Stack trace:
#0 /var/www/yii-1.1.12/framework/web/CController.php(264): GiiModule->beforeControllerAction(Object(DefaultController), Object(CInlineAction))
#1 /var/www/yii-1.1.12/framework/web/CWebApplication.php(283): CController->run('')
#2 /var/www/yii-1.1.12/framework/web/CWebApplication.php(142): CWebApplication->runController('gii')
#3 /var/www/yii-1.1.12/framework/base/CApplication.php(162): CWebApplication->processRequest()
#4 /var/www/hidroplantae/index.php(13): CApplication->run()
#5 {main}
REQUEST_URI=/hidroplantae/index.php?r=gii
---
2013/01/02 14:26:11 [error] [exception.CHttpException.403] exception 'CHttpException' with message 'You are not allowed to access this page.' in /var/www/yii-1.1.12/framework/gii/GiiModule.php:169
Stack trace:
#0 /var/www/yii-1.1.12/framework/web/CController.php(264): GiiModule->beforeControllerAction(Object(ModelGenerator), Object(CInlineAction))
#1 /var/www/yii-1.1.12/framework/web/CWebApplication.php(283): CController->run('')
#2 /var/www/yii-1.1.12/framework/web/CWebApplication.php(142): CWebApplication->runController('gii/model')
#3 /var/www/yii-1.1.12/framework/base/CApplication.php(162): CWebApplication->processRequest()
#4 /var/www/hidroplantae/index.php(13): CApplication->run()
#5 {main}
REQUEST_URI=/hidroplantae/index.php?r=gii/model
HTTP_REFERER=http://localhost/hidroplantae/index.php?r=gii/default/index
---
2013/01/02 14:26:14 [error] [exception.CHttpException.403] exception 'CHttpException' with message 'You are not allowed to access this page.' in /var/www/yii-1.1.12/framework/gii/GiiModule.php:169
Stack trace:
#0 /var/www/yii-1.1.12/framework/web/CController.php(264): GiiModule->beforeControllerAction(Object(DefaultController), Object(CInlineAction))
#1 /var/www/yii-1.1.12/framework/web/CWebApplication.php(283): CController->run('')
#2 /var/www/yii-1.1.12/framework/web/CWebApplication.php(142): CWebApplication->runController('gii')
#3 /var/www/yii-1.1.12/framework/base/CApplication.php(162): CWebApplication->processRequest()
#4 /var/www/hidroplantae/index.php(13): CApplication->run()
#5 {main}
REQUEST_URI=/hidroplantae/index.php?r=gii
---
2013/01/02 14:26:57 [error] [system.db.CDbCommand] CDbCommand::fetchAll() failed: SQLSTATE[42S02]: Base table or view not found: 1146 Table 'hidro.users' doesn't exist. The SQL statement executed was: SHOW COLUMNS FROM `users`.
in /var/www/hidroplantae/index.php (13)
2013/01/02 14:26:59 [error] [system.db.CDbCommand] CDbCommand::fetchAll() failed: SQLSTATE[42S02]: Base table or view not found: 1146 Table 'hidro.users' doesn't exist. The SQL statement executed was: SHOW COLUMNS FROM `users`.
in /var/www/hidroplantae/index.php (13)
2013/01/02 14:27:00 [error] [system.db.CDbCommand] CDbCommand::fetchAll() failed: SQLSTATE[42S02]: Base table or view not found: 1146 Table 'hidro.users' doesn't exist. The SQL statement executed was: SHOW COLUMNS FROM `users`.
in /var/www/hidroplantae/index.php (13)
2013/01/02 14:27:00 [error] [system.db.CDbCommand] CDbCommand::fetchAll() failed: SQLSTATE[42S02]: Base table or view not found: 1146 Table 'hidro.users' doesn't exist. The SQL statement executed was: SHOW COLUMNS FROM `users`.
in /var/www/hidroplantae/index.php (13)
2013/01/02 14:27:01 [error] [system.db.CDbCommand] CDbCommand::fetchAll() failed: SQLSTATE[42S02]: Base table or view not found: 1146 Table 'hidro.users' doesn't exist. The SQL statement executed was: SHOW COLUMNS FROM `users`.
in /var/www/hidroplantae/index.php (13)
2013/01/02 14:27:01 [error] [system.db.CDbCommand] CDbCommand::fetchAll() failed: SQLSTATE[42S02]: Base table or view not found: 1146 Table 'hidro.users' doesn't exist. The SQL statement executed was: SHOW COLUMNS FROM `users`.
in /var/www/hidroplantae/index.php (13)
2013/01/02 14:31:25 [error] [system.db.CDbCommand] CDbCommand::fetchAll() failed: SQLSTATE[42S02]: Base table or view not found: 1146 Table 'hidro.{{users}}' doesn't exist. The SQL statement executed was: SHOW COLUMNS FROM `{{users}}`.
in /var/www/hidroplantae/index.php (13)
2013/01/02 14:31:25 [error] [exception.CDbException] exception 'CDbException' with message 'The table "{{users}}" for active record class "User" cannot be found in the database.' in /var/www/yii-1.1.12/framework/db/ar/CActiveRecord.php:2312
Stack trace:
#0 /var/www/yii-1.1.12/framework/db/ar/CActiveRecord.php(388): CActiveRecordMetaData->__construct(Object(User))
#1 /var/www/yii-1.1.12/framework/gii/generators/crud/CrudCode.php(66): CActiveRecord::model('User')
#2 /var/www/yii-1.1.12/framework/validators/CInlineValidator.php(43): CrudCode->validateModel('model', Array)
#3 /var/www/yii-1.1.12/framework/validators/CValidator.php(214): CInlineValidator->validateAttribute(Object(CrudCode), 'model')
#4 /var/www/yii-1.1.12/framework/base/CModel.php(158): CValidator->validate(Object(CrudCode), NULL)
#5 /var/www/yii-1.1.12/framework/gii/CCodeGenerator.php(160): CModel->validate()
#6 /var/www/yii-1.1.12/framework/gii/CCodeGenerator.php(64): CCodeGenerator->prepare()
#7 /var/www/yii-1.1.12/framework/web/actions/CInlineAction.php(50): CCodeGenerator->actionIndex()
#8 /var/www/yii-1.1.12/framework/web/CController.php(309): CInlineAction->runWithParams(Array)
#9 /var/www/yii-1.1.12/framework/web/CController.php(287): CController->runAction(Object(CInlineAction))
#10 /var/www/yii-1.1.12/framework/web/CController.php(266): CController->runActionWithFilters(Object(CInlineAction), Array)
#11 /var/www/yii-1.1.12/framework/web/CWebApplication.php(283): CController->run('')
#12 /var/www/yii-1.1.12/framework/web/CWebApplication.php(142): CWebApplication->runController('gii/crud')
#13 /var/www/yii-1.1.12/framework/base/CApplication.php(162): CWebApplication->processRequest()
#14 /var/www/hidroplantae/index.php(13): CApplication->run()
#15 {main}
REQUEST_URI=/hidroplantae/index.php?r=gii/crud
HTTP_REFERER=http://localhost/hidroplantae/index.php?r=gii/crud
---
2013/01/02 14:31:29 [error] [system.db.CDbCommand] CDbCommand::fetchAll() failed: SQLSTATE[42S02]: Base table or view not found: 1146 Table 'hidro.{{users}}' doesn't exist. The SQL statement executed was: SHOW COLUMNS FROM `{{users}}`.
in /var/www/hidroplantae/index.php (13)
2013/01/02 14:31:29 [error] [exception.CDbException] exception 'CDbException' with message 'The table "{{users}}" for active record class "User" cannot be found in the database.' in /var/www/yii-1.1.12/framework/db/ar/CActiveRecord.php:2312
Stack trace:
#0 /var/www/yii-1.1.12/framework/db/ar/CActiveRecord.php(388): CActiveRecordMetaData->__construct(Object(User))
#1 /var/www/yii-1.1.12/framework/gii/generators/crud/CrudCode.php(66): CActiveRecord::model('User')
#2 /var/www/yii-1.1.12/framework/validators/CInlineValidator.php(43): CrudCode->validateModel('model', Array)
#3 /var/www/yii-1.1.12/framework/validators/CValidator.php(214): CInlineValidator->validateAttribute(Object(CrudCode), 'model')
#4 /var/www/yii-1.1.12/framework/base/CModel.php(158): CValidator->validate(Object(CrudCode), NULL)
#5 /var/www/yii-1.1.12/framework/gii/CCodeGenerator.php(160): CModel->validate()
#6 /var/www/yii-1.1.12/framework/gii/CCodeGenerator.php(64): CCodeGenerator->prepare()
#7 /var/www/yii-1.1.12/framework/web/actions/CInlineAction.php(50): CCodeGenerator->actionIndex()
#8 /var/www/yii-1.1.12/framework/web/CController.php(309): CInlineAction->runWithParams(Array)
#9 /var/www/yii-1.1.12/framework/web/CController.php(287): CController->runAction(Object(CInlineAction))
#10 /var/www/yii-1.1.12/framework/web/CController.php(266): CController->runActionWithFilters(Object(CInlineAction), Array)
#11 /var/www/yii-1.1.12/framework/web/CWebApplication.php(283): CController->run('')
#12 /var/www/yii-1.1.12/framework/web/CWebApplication.php(142): CWebApplication->runController('gii/crud')
#13 /var/www/yii-1.1.12/framework/base/CApplication.php(162): CWebApplication->processRequest()
#14 /var/www/hidroplantae/index.php(13): CApplication->run()
#15 {main}
REQUEST_URI=/hidroplantae/index.php?r=gii/crud
HTTP_REFERER=http://localhost/hidroplantae/index.php?r=gii/crud
---
2013/01/02 14:32:36 [error] [system.db.CDbCommand] CDbCommand::fetchAll() failed: SQLSTATE[42S02]: Base table or view not found: 1146 Table 'hidro.{{users}}' doesn't exist. The SQL statement executed was: SHOW COLUMNS FROM `{{users}}`.
in /var/www/hidroplantae/protected/modules/user/models/User.php (28)
in /var/www/hidroplantae/protected/modules/user/components/UserIdentity.php (27)
in /var/www/hidroplantae/protected/modules/user/models/UserLogin.php (52)
2013/01/02 14:32:36 [error] [exception.CDbException] exception 'CDbException' with message 'The table "{{users}}" for active record class "User" cannot be found in the database.' in /var/www/yii-1.1.12/framework/db/ar/CActiveRecord.php:2312
Stack trace:
#0 /var/www/yii-1.1.12/framework/db/ar/CActiveRecord.php(388): CActiveRecordMetaData->__construct(Object(User))
#1 /var/www/hidroplantae/protected/modules/user/models/User.php(28): CActiveRecord::model('User')
#2 /var/www/hidroplantae/protected/modules/user/components/UserIdentity.php(27): User::model()
#3 /var/www/hidroplantae/protected/modules/user/models/UserLogin.php(52): UserIdentity->authenticate()
#4 /var/www/yii-1.1.12/framework/validators/CInlineValidator.php(43): UserLogin->authenticate('password', Array)
#5 /var/www/yii-1.1.12/framework/validators/CValidator.php(214): CInlineValidator->validateAttribute(Object(UserLogin), 'password')
#6 /var/www/yii-1.1.12/framework/base/CModel.php(158): CValidator->validate(Object(UserLogin), NULL)
#7 /var/www/hidroplantae/protected/modules/user/controllers/LoginController.php(19): CModel->validate()
#8 /var/www/yii-1.1.12/framework/web/actions/CInlineAction.php(50): LoginController->actionLogin()
#9 /var/www/yii-1.1.12/framework/web/CController.php(309): CInlineAction->runWithParams(Array)
#10 /var/www/yii-1.1.12/framework/web/CController.php(287): CController->runAction(Object(CInlineAction))
#11 /var/www/yii-1.1.12/framework/web/CController.php(266): CController->runActionWithFilters(Object(CInlineAction), Array)
#12 /var/www/yii-1.1.12/framework/web/CWebApplication.php(283): CController->run('')
#13 /var/www/yii-1.1.12/framework/web/CWebApplication.php(142): CWebApplication->runController('user/login')
#14 /var/www/yii-1.1.12/framework/base/CApplication.php(162): CWebApplication->processRequest()
#15 /var/www/hidroplantae/index.php(13): CApplication->run()
#16 {main}
REQUEST_URI=/hidroplantae/index.php?r=user/login
HTTP_REFERER=http://localhost/hidroplantae/index.php?r=user/login
---
2013/01/02 14:32:44 [error] [system.db.CDbCommand] CDbCommand::fetchAll() failed: SQLSTATE[42S02]: Base table or view not found: 1146 Table 'hidro.{{users}}' doesn't exist. The SQL statement executed was: SHOW COLUMNS FROM `{{users}}`.
in /var/www/hidroplantae/protected/modules/user/controllers/RegistrationController.php (25)
in /var/www/hidroplantae/index.php (13)
2013/01/02 14:32:44 [error] [exception.CDbException] exception 'CDbException' with message 'The table "{{users}}" for active record class "RegistrationForm" cannot be found in the database.' in /var/www/yii-1.1.12/framework/db/ar/CActiveRecord.php:2312
Stack trace:
#0 /var/www/yii-1.1.12/framework/db/ar/CActiveRecord.php(388): CActiveRecordMetaData->__construct(Object(RegistrationForm))
#1 /var/www/yii-1.1.12/framework/db/ar/CActiveRecord.php(403): CActiveRecord::model('RegistrationFor...')
#2 /var/www/yii-1.1.12/framework/db/ar/CActiveRecord.php(78): CActiveRecord->getMetaData()
#3 /var/www/hidroplantae/protected/modules/user/controllers/RegistrationController.php(25): CActiveRecord->__construct()
#4 /var/www/yii-1.1.12/framework/web/actions/CInlineAction.php(50): RegistrationController->actionRegistration()
#5 /var/www/yii-1.1.12/framework/web/CController.php(309): CInlineAction->runWithParams(Array)
#6 /var/www/yii-1.1.12/framework/web/CController.php(287): CController->runAction(Object(CInlineAction))
#7 /var/www/yii-1.1.12/framework/web/CController.php(266): CController->runActionWithFilters(Object(CInlineAction), Array)
#8 /var/www/yii-1.1.12/framework/web/CWebApplication.php(283): CController->run('')
#9 /var/www/yii-1.1.12/framework/web/CWebApplication.php(142): CWebApplication->runController('user/registrati...')
#10 /var/www/yii-1.1.12/framework/base/CApplication.php(162): CWebApplication->processRequest()
#11 /var/www/hidroplantae/index.php(13): CApplication->run()
#12 {main}
REQUEST_URI=/hidroplantae/index.php?r=user/registration
HTTP_REFERER=http://localhost/hidroplantae/index.php?r=user/login
---
2013/01/02 14:43:01 [error] [exception.CHttpException.404] exception 'CHttpException' with message 'Unable to resolve the request "users/admin".' in /var/www/yii-1.1.12/framework/web/CWebApplication.php:287
Stack trace:
#0 /var/www/yii-1.1.12/framework/web/CWebApplication.php(142): CWebApplication->runController('users/admin')
#1 /var/www/yii-1.1.12/framework/base/CApplication.php(162): CWebApplication->processRequest()
#2 /var/www/hidroplantae/index.php(13): CApplication->run()
#3 {main}
REQUEST_URI=/hidroplantae/index.php?r=users/admin
HTTP_REFERER=http://localhost/hidroplantae/index.php?r=users/create
---
2013/01/03 15:08:09 [error] [exception.CException] exception 'CException' with message 'SiteController cannot find the requested view "includes/header".' in /var/www/yii-1.1.12/framework/web/CController.php:879
Stack trace:
#0 /var/www/yii-1.1.12/framework/web/CController.php(783): CController->renderPartial('includes/header', NULL, true)
#1 /var/www/hidroplantae/protected/controllers/SiteController.php(32): CController->render('includes/header')
#2 /var/www/yii-1.1.12/framework/web/actions/CInlineAction.php(50): SiteController->actionIndex()
#3 /var/www/yii-1.1.12/framework/web/CController.php(309): CInlineAction->runWithParams(Array)
#4 /var/www/yii-1.1.12/framework/web/CController.php(287): CController->runAction(Object(CInlineAction))
#5 /var/www/yii-1.1.12/framework/web/CController.php(266): CController->runActionWithFilters(Object(CInlineAction), Array)
#6 /var/www/yii-1.1.12/framework/web/CWebApplication.php(283): CController->run('index')
#7 /var/www/yii-1.1.12/framework/web/CWebApplication.php(142): CWebApplication->runController('site/index')
#8 /var/www/yii-1.1.12/framework/base/CApplication.php(162): CWebApplication->processRequest()
#9 /var/www/hidroplantae/index.php(13): CApplication->run()
#10 {main}
REQUEST_URI=/hidroplantae/index.php?r=site/index
HTTP_REFERER=http://localhost/hidroplantae/index.php?r=user/registration
---
2013/01/03 15:08:57 [error] [exception.CException] exception 'CException' with message 'SiteController cannot find the requested view "protected/views/includes/header".' in /var/www/yii-1.1.12/framework/web/CController.php:879
Stack trace:
#0 /var/www/yii-1.1.12/framework/web/CController.php(783): CController->renderPartial('protected/views...', NULL, true)
#1 /var/www/hidroplantae/protected/controllers/SiteController.php(32): CController->render('protected/views...')
#2 /var/www/yii-1.1.12/framework/web/actions/CInlineAction.php(50): SiteController->actionIndex()
#3 /var/www/yii-1.1.12/framework/web/CController.php(309): CInlineAction->runWithParams(Array)
#4 /var/www/yii-1.1.12/framework/web/CController.php(287): CController->runAction(Object(CInlineAction))
#5 /var/www/yii-1.1.12/framework/web/CController.php(266): CController->runActionWithFilters(Object(CInlineAction), Array)
#6 /var/www/yii-1.1.12/framework/web/CWebApplication.php(283): CController->run('index')
#7 /var/www/yii-1.1.12/framework/web/CWebApplication.php(142): CWebApplication->runController('site/index')
#8 /var/www/yii-1.1.12/framework/base/CApplication.php(162): CWebApplication->processRequest()
#9 /var/www/hidroplantae/index.php(13): CApplication->run()
#10 {main}
REQUEST_URI=/hidroplantae/index.php?r=site/index
HTTP_REFERER=http://localhost/hidroplantae/index.php?r=user/registration
---
2013/01/03 16:22:14 [error] [exception.CException] exception 'CException' with message 'SiteController and its behaviors do not have a method or closure named "layout".' in /var/www/yii-1.1.12/framework/base/CComponent.php:266
Stack trace:
#0 /var/www/hidroplantae/protected/controllers/SiteController.php(32): CComponent->__call('layout', Array)
#1 /var/www/hidroplantae/protected/controllers/SiteController.php(32): SiteController->layout('hidro')
#2 /var/www/yii-1.1.12/framework/web/actions/CInlineAction.php(50): SiteController->actionIndex()
#3 /var/www/yii-1.1.12/framework/web/CController.php(309): CInlineAction->runWithParams(Array)
#4 /var/www/yii-1.1.12/framework/web/CController.php(287): CController->runAction(Object(CInlineAction))
#5 /var/www/yii-1.1.12/framework/web/CController.php(266): CController->runActionWithFilters(Object(CInlineAction), Array)
#6 /var/www/yii-1.1.12/framework/web/CWebApplication.php(283): CController->run('index')
#7 /var/www/yii-1.1.12/framework/web/CWebApplication.php(142): CWebApplication->runController('site/index')
#8 /var/www/yii-1.1.12/framework/base/CApplication.php(162): CWebApplication->processRequest()
#9 /var/www/hidroplantae/index.php(13): CApplication->run()
#10 {main}
REQUEST_URI=/hidroplantae/index.php?r=site/index
HTTP_REFERER=http://localhost/hidroplantae/index.php?r=user/registration
---
2013/01/04 18:21:46 [error] [exception.CHttpException.404] exception 'CHttpException' with message 'The requested view "index" was not found.' in /var/www/yii-1.1.12/framework/web/actions/CViewAction.php:113
Stack trace:
#0 /var/www/yii-1.1.12/framework/web/actions/CViewAction.php(124): CViewAction->resolveView('index')
#1 /var/www/yii-1.1.12/framework/web/actions/CAction.php(75): CViewAction->run()
#2 /var/www/yii-1.1.12/framework/web/CController.php(309): CAction->runWithParams(Array)
#3 /var/www/yii-1.1.12/framework/web/CController.php(287): CController->runAction(Object(CViewAction))
#4 /var/www/yii-1.1.12/framework/web/CController.php(266): CController->runActionWithFilters(Object(CViewAction), Array)
#5 /var/www/yii-1.1.12/framework/web/CWebApplication.php(283): CController->run('page')
#6 /var/www/yii-1.1.12/framework/web/CWebApplication.php(142): CWebApplication->runController('site/page')
#7 /var/www/yii-1.1.12/framework/base/CApplication.php(162): CWebApplication->processRequest()
#8 /var/www/hidroplantae/index.php(13): CApplication->run()
#9 {main}
REQUEST_URI=/hidroplantae/index.php?r=site/page
HTTP_REFERER=http://localhost/hidroplantae/index.php?r=site/page&view=about
---
2013/01/04 18:22:23 [error] [exception.CHttpException.404] exception 'CHttpException' with message 'The requested view "index" was not found.' in /var/www/yii-1.1.12/framework/web/actions/CViewAction.php:113
Stack trace:
#0 /var/www/yii-1.1.12/framework/web/actions/CViewAction.php(124): CViewAction->resolveView('index')
#1 /var/www/yii-1.1.12/framework/web/actions/CAction.php(75): CViewAction->run()
#2 /var/www/yii-1.1.12/framework/web/CController.php(309): CAction->runWithParams(Array)
#3 /var/www/yii-1.1.12/framework/web/CController.php(287): CController->runAction(Object(CViewAction))
#4 /var/www/yii-1.1.12/framework/web/CController.php(266): CController->runActionWithFilters(Object(CViewAction), Array)
#5 /var/www/yii-1.1.12/framework/web/CWebApplication.php(283): CController->run('page')
#6 /var/www/yii-1.1.12/framework/web/CWebApplication.php(142): CWebApplication->runController('site/page')
#7 /var/www/yii-1.1.12/framework/base/CApplication.php(162): CWebApplication->processRequest()
#8 /var/www/hidroplantae/index.php(13): CApplication->run()
#9 {main}
REQUEST_URI=/hidroplantae/index.php?r=site/page
HTTP_REFERER=http://localhost/hidroplantae/index.php?r=site/page&view=about
---
2013/01/04 18:22:38 [error] [exception.CHttpException.404] exception 'CHttpException' with message 'The requested view "index" was not found.' in /var/www/yii-1.1.12/framework/web/actions/CViewAction.php:113
Stack trace:
#0 /var/www/yii-1.1.12/framework/web/actions/CViewAction.php(124): CViewAction->resolveView('index')
#1 /var/www/yii-1.1.12/framework/web/actions/CAction.php(75): CViewAction->run()
#2 /var/www/yii-1.1.12/framework/web/CController.php(309): CAction->runWithParams(Array)
#3 /var/www/yii-1.1.12/framework/web/CController.php(287): CController->runAction(Object(CViewAction))
#4 /var/www/yii-1.1.12/framework/web/CController.php(266): CController->runActionWithFilters(Object(CViewAction), Array)
#5 /var/www/yii-1.1.12/framework/web/CWebApplication.php(283): CController->run('page')
#6 /var/www/yii-1.1.12/framework/web/CWebApplication.php(142): CWebApplication->runController('site/page')
#7 /var/www/yii-1.1.12/framework/base/CApplication.php(162): CWebApplication->processRequest()
#8 /var/www/hidroplantae/index.php(13): CApplication->run()
#9 {main}
REQUEST_URI=/hidroplantae/index.php?r=site/page
HTTP_REFERER=http://localhost/hidroplantae/index.php?r=site/page&view=about
---
2013/01/04 18:22:40 [error] [exception.CHttpException.404] exception 'CHttpException' with message 'The requested view "index" was not found.' in /var/www/yii-1.1.12/framework/web/actions/CViewAction.php:113
Stack trace:
#0 /var/www/yii-1.1.12/framework/web/actions/CViewAction.php(124): CViewAction->resolveView('index')
#1 /var/www/yii-1.1.12/framework/web/actions/CAction.php(75): CViewAction->run()
#2 /var/www/yii-1.1.12/framework/web/CController.php(309): CAction->runWithParams(Array)
#3 /var/www/yii-1.1.12/framework/web/CController.php(287): CController->runAction(Object(CViewAction))
#4 /var/www/yii-1.1.12/framework/web/CController.php(266): CController->runActionWithFilters(Object(CViewAction), Array)
#5 /var/www/yii-1.1.12/framework/web/CWebApplication.php(283): CController->run('page')
#6 /var/www/yii-1.1.12/framework/web/CWebApplication.php(142): CWebApplication->runController('site/page')
#7 /var/www/yii-1.1.12/framework/base/CApplication.php(162): CWebApplication->processRequest()
#8 /var/www/hidroplantae/index.php(13): CApplication->run()
#9 {main}
REQUEST_URI=/hidroplantae/index.php?r=site/page
HTTP_REFERER=http://localhost/hidroplantae/index.php?r=site/page
---
2013/01/04 18:22:41 [error] [exception.CHttpException.404] exception 'CHttpException' with message 'The requested view "index" was not found.' in /var/www/yii-1.1.12/framework/web/actions/CViewAction.php:113
Stack trace:
#0 /var/www/yii-1.1.12/framework/web/actions/CViewAction.php(124): CViewAction->resolveView('index')
#1 /var/www/yii-1.1.12/framework/web/actions/CAction.php(75): CViewAction->run()
#2 /var/www/yii-1.1.12/framework/web/CController.php(309): CAction->runWithParams(Array)
#3 /var/www/yii-1.1.12/framework/web/CController.php(287): CController->runAction(Object(CViewAction))
#4 /var/www/yii-1.1.12/framework/web/CController.php(266): CController->runActionWithFilters(Object(CViewAction), Array)
#5 /var/www/yii-1.1.12/framework/web/CWebApplication.php(283): CController->run('page')
#6 /var/www/yii-1.1.12/framework/web/CWebApplication.php(142): CWebApplication->runController('site/page')
#7 /var/www/yii-1.1.12/framework/base/CApplication.php(162): CWebApplication->processRequest()
#8 /var/www/hidroplantae/index.php(13): CApplication->run()
#9 {main}
REQUEST_URI=/hidroplantae/index.php?r=site/page
HTTP_REFERER=http://localhost/hidroplantae/index.php?r=site/page
---
2013/01/04 18:22:42 [error] [exception.CHttpException.404] exception 'CHttpException' with message 'The requested view "index" was not found.' in /var/www/yii-1.1.12/framework/web/actions/CViewAction.php:113
Stack trace:
#0 /var/www/yii-1.1.12/framework/web/actions/CViewAction.php(124): CViewAction->resolveView('index')
#1 /var/www/yii-1.1.12/framework/web/actions/CAction.php(75): CViewAction->run()
#2 /var/www/yii-1.1.12/framework/web/CController.php(309): CAction->runWithParams(Array)
#3 /var/www/yii-1.1.12/framework/web/CController.php(287): CController->runAction(Object(CViewAction))
#4 /var/www/yii-1.1.12/framework/web/CController.php(266): CController->runActionWithFilters(Object(CViewAction), Array)
#5 /var/www/yii-1.1.12/framework/web/CWebApplication.php(283): CController->run('page')
#6 /var/www/yii-1.1.12/framework/web/CWebApplication.php(142): CWebApplication->runController('site/page')
#7 /var/www/yii-1.1.12/framework/base/CApplication.php(162): CWebApplication->processRequest()
#8 /var/www/hidroplantae/index.php(13): CApplication->run()
#9 {main}
REQUEST_URI=/hidroplantae/index.php?r=site/page
HTTP_REFERER=http://localhost/hidroplantae/index.php?r=site/page
---
2013/01/04 18:22:42 [error] [exception.CHttpException.404] exception 'CHttpException' with message 'The requested view "index" was not found.' in /var/www/yii-1.1.12/framework/web/actions/CViewAction.php:113
Stack trace:
#0 /var/www/yii-1.1.12/framework/web/actions/CViewAction.php(124): CViewAction->resolveView('index')
#1 /var/www/yii-1.1.12/framework/web/actions/CAction.php(75): CViewAction->run()
#2 /var/www/yii-1.1.12/framework/web/CController.php(309): CAction->runWithParams(Array)
#3 /var/www/yii-1.1.12/framework/web/CController.php(287): CController->runAction(Object(CViewAction))
#4 /var/www/yii-1.1.12/framework/web/CController.php(266): CController->runActionWithFilters(Object(CViewAction), Array)
#5 /var/www/yii-1.1.12/framework/web/CWebApplication.php(283): CController->run('page')
#6 /var/www/yii-1.1.12/framework/web/CWebApplication.php(142): CWebApplication->runController('site/page')
#7 /var/www/yii-1.1.12/framework/base/CApplication.php(162): CWebApplication->processRequest()
#8 /var/www/hidroplantae/index.php(13): CApplication->run()
#9 {main}
REQUEST_URI=/hidroplantae/index.php?r=site/page
HTTP_REFERER=http://localhost/hidroplantae/index.php?r=site/page
---
2013/01/04 18:22:42 [error] [exception.CHttpException.404] exception 'CHttpException' with message 'The requested view "index" was not found.' in /var/www/yii-1.1.12/framework/web/actions/CViewAction.php:113
Stack trace:
#0 /var/www/yii-1.1.12/framework/web/actions/CViewAction.php(124): CViewAction->resolveView('index')
#1 /var/www/yii-1.1.12/framework/web/actions/CAction.php(75): CViewAction->run()
#2 /var/www/yii-1.1.12/framework/web/CController.php(309): CAction->runWithParams(Array)
#3 /var/www/yii-1.1.12/framework/web/CController.php(287): CController->runAction(Object(CViewAction))
#4 /var/www/yii-1.1.12/framework/web/CController.php(266): CController->runActionWithFilters(Object(CViewAction), Array)
#5 /var/www/yii-1.1.12/framework/web/CWebApplication.php(283): CController->run('page')
#6 /var/www/yii-1.1.12/framework/web/CWebApplication.php(142): CWebApplication->runController('site/page')
#7 /var/www/yii-1.1.12/framework/base/CApplication.php(162): CWebApplication->processRequest()
#8 /var/www/hidroplantae/index.php(13): CApplication->run()
#9 {main}
REQUEST_URI=/hidroplantae/index.php?r=site/page
HTTP_REFERER=http://localhost/hidroplantae/index.php?r=site/page
---
2013/01/04 18:22:42 [error] [exception.CHttpException.404] exception 'CHttpException' with message 'The requested view "index" was not found.' in /var/www/yii-1.1.12/framework/web/actions/CViewAction.php:113
Stack trace:
#0 /var/www/yii-1.1.12/framework/web/actions/CViewAction.php(124): CViewAction->resolveView('index')
#1 /var/www/yii-1.1.12/framework/web/actions/CAction.php(75): CViewAction->run()
#2 /var/www/yii-1.1.12/framework/web/CController.php(309): CAction->runWithParams(Array)
#3 /var/www/yii-1.1.12/framework/web/CController.php(287): CController->runAction(Object(CViewAction))
#4 /var/www/yii-1.1.12/framework/web/CController.php(266): CController->runActionWithFilters(Object(CViewAction), Array)
#5 /var/www/yii-1.1.12/framework/web/CWebApplication.php(283): CController->run('page')
#6 /var/www/yii-1.1.12/framework/web/CWebApplication.php(142): CWebApplication->runController('site/page')
#7 /var/www/yii-1.1.12/framework/base/CApplication.php(162): CWebApplication->processRequest()
#8 /var/www/hidroplantae/index.php(13): CApplication->run()
#9 {main}
REQUEST_URI=/hidroplantae/index.php?r=site/page
HTTP_REFERER=http://localhost/hidroplantae/index.php?r=site/page
---
2013/01/04 18:22:43 [error] [exception.CHttpException.404] exception 'CHttpException' with message 'The requested view "index" was not found.' in /var/www/yii-1.1.12/framework/web/actions/CViewAction.php:113
Stack trace:
#0 /var/www/yii-1.1.12/framework/web/actions/CViewAction.php(124): CViewAction->resolveView('index')
#1 /var/www/yii-1.1.12/framework/web/actions/CAction.php(75): CViewAction->run()
#2 /var/www/yii-1.1.12/framework/web/CController.php(309): CAction->runWithParams(Array)
#3 /var/www/yii-1.1.12/framework/web/CController.php(287): CController->runAction(Object(CViewAction))
#4 /var/www/yii-1.1.12/framework/web/CController.php(266): CController->runActionWithFilters(Object(CViewAction), Array)
#5 /var/www/yii-1.1.12/framework/web/CWebApplication.php(283): CController->run('page')
#6 /var/www/yii-1.1.12/framework/web/CWebApplication.php(142): CWebApplication->runController('site/page')
#7 /var/www/yii-1.1.12/framework/base/CApplication.php(162): CWebApplication->processRequest()
#8 /var/www/hidroplantae/index.php(13): CApplication->run()
#9 {main}
REQUEST_URI=/hidroplantae/index.php?r=site/page
HTTP_REFERER=http://localhost/hidroplantae/index.php?r=site/page
---
2013/01/04 18:22:43 [error] [exception.CHttpException.404] exception 'CHttpException' with message 'The requested view "index" was not found.' in /var/www/yii-1.1.12/framework/web/actions/CViewAction.php:113
Stack trace:
#0 /var/www/yii-1.1.12/framework/web/actions/CViewAction.php(124): CViewAction->resolveView('index')
#1 /var/www/yii-1.1.12/framework/web/actions/CAction.php(75): CViewAction->run()
#2 /var/www/yii-1.1.12/framework/web/CController.php(309): CAction->runWithParams(Array)
#3 /var/www/yii-1.1.12/framework/web/CController.php(287): CController->runAction(Object(CViewAction))
#4 /var/www/yii-1.1.12/framework/web/CController.php(266): CController->runActionWithFilters(Object(CViewAction), Array)
#5 /var/www/yii-1.1.12/framework/web/CWebApplication.php(283): CController->run('page')
#6 /var/www/yii-1.1.12/framework/web/CWebApplication.php(142): CWebApplication->runController('site/page')
#7 /var/www/yii-1.1.12/framework/base/CApplication.php(162): CWebApplication->processRequest()
#8 /var/www/hidroplantae/index.php(13): CApplication->run()
#9 {main}
REQUEST_URI=/hidroplantae/index.php?r=site/page
HTTP_REFERER=http://localhost/hidroplantae/index.php?r=site/page
---
2013/01/04 18:22:43 [error] [exception.CHttpException.404] exception 'CHttpException' with message 'The requested view "index" was not found.' in /var/www/yii-1.1.12/framework/web/actions/CViewAction.php:113
Stack trace:
#0 /var/www/yii-1.1.12/framework/web/actions/CViewAction.php(124): CViewAction->resolveView('index')
#1 /var/www/yii-1.1.12/framework/web/actions/CAction.php(75): CViewAction->run()
#2 /var/www/yii-1.1.12/framework/web/CController.php(309): CAction->runWithParams(Array)
#3 /var/www/yii-1.1.12/framework/web/CController.php(287): CController->runAction(Object(CViewAction))
#4 /var/www/yii-1.1.12/framework/web/CController.php(266): CController->runActionWithFilters(Object(CViewAction), Array)
#5 /var/www/yii-1.1.12/framework/web/CWebApplication.php(283): CController->run('page')
#6 /var/www/yii-1.1.12/framework/web/CWebApplication.php(142): CWebApplication->runController('site/page')
#7 /var/www/yii-1.1.12/framework/base/CApplication.php(162): CWebApplication->processRequest()
#8 /var/www/hidroplantae/index.php(13): CApplication->run()
#9 {main}
REQUEST_URI=/hidroplantae/index.php?r=site/page
HTTP_REFERER=http://localhost/hidroplantae/index.php?r=site/page
---
2013/01/04 18:22:43 [error] [exception.CHttpException.404] exception 'CHttpException' with message 'The requested view "index" was not found.' in /var/www/yii-1.1.12/framework/web/actions/CViewAction.php:113
Stack trace:
#0 /var/www/yii-1.1.12/framework/web/actions/CViewAction.php(124): CViewAction->resolveView('index')
#1 /var/www/yii-1.1.12/framework/web/actions/CAction.php(75): CViewAction->run()
#2 /var/www/yii-1.1.12/framework/web/CController.php(309): CAction->runWithParams(Array)
#3 /var/www/yii-1.1.12/framework/web/CController.php(287): CController->runAction(Object(CViewAction))
#4 /var/www/yii-1.1.12/framework/web/CController.php(266): CController->runActionWithFilters(Object(CViewAction), Array)
#5 /var/www/yii-1.1.12/framework/web/CWebApplication.php(283): CController->run('page')
#6 /var/www/yii-1.1.12/framework/web/CWebApplication.php(142): CWebApplication->runController('site/page')
#7 /var/www/yii-1.1.12/framework/base/CApplication.php(162): CWebApplication->processRequest()
#8 /var/www/hidroplantae/index.php(13): CApplication->run()
#9 {main}
REQUEST_URI=/hidroplantae/index.php?r=site/page
HTTP_REFERER=http://localhost/hidroplantae/index.php?r=site/page
---
2013/01/04 18:22:47 [error] [exception.CHttpException.404] exception 'CHttpException' with message 'The requested view "index" was not found.' in /var/www/yii-1.1.12/framework/web/actions/CViewAction.php:113
Stack trace:
#0 /var/www/yii-1.1.12/framework/web/actions/CViewAction.php(124): CViewAction->resolveView('index')
#1 /var/www/yii-1.1.12/framework/web/actions/CAction.php(75): CViewAction->run()
#2 /var/www/yii-1.1.12/framework/web/CController.php(309): CAction->runWithParams(Array)
#3 /var/www/yii-1.1.12/framework/web/CController.php(287): CController->runAction(Object(CViewAction))
#4 /var/www/yii-1.1.12/framework/web/CController.php(266): CController->runActionWithFilters(Object(CViewAction), Array)
#5 /var/www/yii-1.1.12/framework/web/CWebApplication.php(283): CController->run('page')
#6 /var/www/yii-1.1.12/framework/web/CWebApplication.php(142): CWebApplication->runController('site/page')
#7 /var/www/yii-1.1.12/framework/base/CApplication.php(162): CWebApplication->processRequest()
#8 /var/www/hidroplantae/index.php(13): CApplication->run()
#9 {main}
REQUEST_URI=/hidroplantae/index.php?r=site/page
HTTP_REFERER=http://localhost/hidroplantae/index.php?r=site/page
---
2013/01/04 18:40:29 [error] [exception.CHttpException.404] exception 'CHttpException' with message 'The requested view "index" was not found.' in /var/www/yii-1.1.12/framework/web/actions/CViewAction.php:113
Stack trace:
#0 /var/www/yii-1.1.12/framework/web/actions/CViewAction.php(124): CViewAction->resolveView('index')
#1 /var/www/yii-1.1.12/framework/web/actions/CAction.php(75): CViewAction->run()
#2 /var/www/yii-1.1.12/framework/web/CController.php(309): CAction->runWithParams(Array)
#3 /var/www/yii-1.1.12/framework/web/CController.php(287): CController->runAction(Object(CViewAction))
#4 /var/www/yii-1.1.12/framework/web/CController.php(266): CController->runActionWithFilters(Object(CViewAction), Array)
#5 /var/www/yii-1.1.12/framework/web/CWebApplication.php(283): CController->run('page')
#6 /var/www/yii-1.1.12/framework/web/CWebApplication.php(142): CWebApplication->runController('site/page')
#7 /var/www/yii-1.1.12/framework/base/CApplication.php(162): CWebApplication->processRequest()
#8 /var/www/hidroplantae/index.php(13): CApplication->run()
#9 {main}
REQUEST_URI=/hidroplantae/index.php?r=site/page
HTTP_REFERER=http://localhost/hidroplantae/index.php?r=site/page&view=about
---
2013/01/04 18:44:05 [error] [exception.CHttpException.404] exception 'CHttpException' with message 'The requested view "index" was not found.' in /var/www/yii-1.1.12/framework/web/actions/CViewAction.php:113
Stack trace:
#0 /var/www/yii-1.1.12/framework/web/actions/CViewAction.php(124): CViewAction->resolveView('index')
#1 /var/www/yii-1.1.12/framework/web/actions/CAction.php(75): CViewAction->run()
#2 /var/www/yii-1.1.12/framework/web/CController.php(309): CAction->runWithParams(Array)
#3 /var/www/yii-1.1.12/framework/web/CController.php(287): CController->runAction(Object(CViewAction))
#4 /var/www/yii-1.1.12/framework/web/CController.php(266): CController->runActionWithFilters(Object(CViewAction), Array)
#5 /var/www/yii-1.1.12/framework/web/CWebApplication.php(283): CController->run('page')
#6 /var/www/yii-1.1.12/framework/web/CWebApplication.php(142): CWebApplication->runController('site/page')
#7 /var/www/yii-1.1.12/framework/base/CApplication.php(162): CWebApplication->processRequest()
#8 /var/www/hidroplantae/index.php(13): CApplication->run()
#9 {main}
REQUEST_URI=/hidroplantae/index.php?r=site/page
HTTP_REFERER=http://localhost/hidroplantae/index.php?r=site/page&view=quienes
---
2013/01/04 18:45:52 [error] [exception.CHttpException.404] exception 'CHttpException' with message 'The requested view "index" was not found.' in /var/www/yii-1.1.12/framework/web/actions/CViewAction.php:113
Stack trace:
#0 /var/www/yii-1.1.12/framework/web/actions/CViewAction.php(124): CViewAction->resolveView('index')
#1 /var/www/yii-1.1.12/framework/web/actions/CAction.php(75): CViewAction->run()
#2 /var/www/yii-1.1.12/framework/web/CController.php(309): CAction->runWithParams(Array)
#3 /var/www/yii-1.1.12/framework/web/CController.php(287): CController->runAction(Object(CViewAction))
#4 /var/www/yii-1.1.12/framework/web/CController.php(266): CController->runActionWithFilters(Object(CViewAction), Array)
#5 /var/www/yii-1.1.12/framework/web/CWebApplication.php(283): CController->run('page')
#6 /var/www/yii-1.1.12/framework/web/CWebApplication.php(142): CWebApplication->runController('site/page')
#7 /var/www/yii-1.1.12/framework/base/CApplication.php(162): CWebApplication->processRequest()
#8 /var/www/hidroplantae/index.php(13): CApplication->run()
#9 {main}
REQUEST_URI=/hidroplantae/index.php?r=site/page
HTTP_REFERER=http://localhost/hidroplantae/index.php?r=site/page
---
2013/01/04 18:45:53 [error] [exception.CHttpException.404] exception 'CHttpException' with message 'The system is unable to find the requested action "pages".' in /var/www/yii-1.1.12/framework/web/CController.php:484
Stack trace:
#0 /var/www/yii-1.1.12/framework/web/CController.php(271): CController->missingAction('pages')
#1 /var/www/yii-1.1.12/framework/web/CWebApplication.php(283): CController->run('pages')
#2 /var/www/yii-1.1.12/framework/web/CWebApplication.php(142): CWebApplication->runController('site/pages/quie...')
#3 /var/www/yii-1.1.12/framework/base/CApplication.php(162): CWebApplication->processRequest()
#4 /var/www/hidroplantae/index.php(13): CApplication->run()
#5 {main}
REQUEST_URI=/hidroplantae/index.php?r=site/pages/quienes.php
HTTP_REFERER=http://localhost/hidroplantae/index.php?r=site/page
---
2013/01/04 18:45:56 [error] [exception.CHttpException.404] exception 'CHttpException' with message 'The system is unable to find the requested action "pages".' in /var/www/yii-1.1.12/framework/web/CController.php:484
Stack trace:
#0 /var/www/yii-1.1.12/framework/web/CController.php(271): CController->missingAction('pages')
#1 /var/www/yii-1.1.12/framework/web/CWebApplication.php(283): CController->run('pages')
#2 /var/www/yii-1.1.12/framework/web/CWebApplication.php(142): CWebApplication->runController('site/pages/quie...')
#3 /var/www/yii-1.1.12/framework/base/CApplication.php(162): CWebApplication->processRequest()
#4 /var/www/hidroplantae/index.php(13): CApplication->run()
#5 {main}
REQUEST_URI=/hidroplantae/index.php?r=site/pages/quienes.php
HTTP_REFERER=http://localhost/hidroplantae/index.php?r=site/pages/quienes.php
---
2013/01/04 19:01:17 [error] [exception.CHttpException.404] exception 'CHttpException' with message 'The system is unable to find the requested action "pages".' in /var/www/yii-1.1.12/framework/web/CController.php:484
Stack trace:
#0 /var/www/yii-1.1.12/framework/web/CController.php(271): CController->missingAction('pages')
#1 /var/www/yii-1.1.12/framework/web/CWebApplication.php(283): CController->run('pages')
#2 /var/www/yii-1.1.12/framework/web/CWebApplication.php(142): CWebApplication->runController('site/pages/quie...')
#3 /var/www/yii-1.1.12/framework/base/CApplication.php(162): CWebApplication->processRequest()
#4 /var/www/hidroplantae/index.php(13): CApplication->run()
#5 {main}
REQUEST_URI=/hidroplantae/index.php?r=site/pages/quienes.php
HTTP_REFERER=http://localhost/hidroplantae/index.php?r=site/pages/quienes.php
---
2013/01/04 19:01:58 [error] [exception.CHttpException.404] exception 'CHttpException' with message 'The requested view "index" was not found.' in /var/www/yii-1.1.12/framework/web/actions/CViewAction.php:113
Stack trace:
#0 /var/www/yii-1.1.12/framework/web/actions/CViewAction.php(124): CViewAction->resolveView('index')
#1 /var/www/yii-1.1.12/framework/web/actions/CAction.php(75): CViewAction->run()
#2 /var/www/yii-1.1.12/framework/web/CController.php(309): CAction->runWithParams(Array)
#3 /var/www/yii-1.1.12/framework/web/CController.php(287): CController->runAction(Object(CViewAction))
#4 /var/www/yii-1.1.12/framework/web/CController.php(266): CController->runActionWithFilters(Object(CViewAction), Array)
#5 /var/www/yii-1.1.12/framework/web/CWebApplication.php(283): CController->run('page')
#6 /var/www/yii-1.1.12/framework/web/CWebApplication.php(142): CWebApplication->runController('site/page')
#7 /var/www/yii-1.1.12/framework/base/CApplication.php(162): CWebApplication->processRequest()
#8 /var/www/hidroplantae/index.php(13): CApplication->run()
#9 {main}
REQUEST_URI=/hidroplantae/index.php?r=site/page
HTTP_REFERER=http://localhost/hidroplantae/index.php?r=site/page&view=quienes
---
2013/01/04 19:03:34 [error] [exception.CHttpException.404] exception 'CHttpException' with message 'The requested view "index" was not found.' in /var/www/yii-1.1.12/framework/web/actions/CViewAction.php:113
Stack trace:
#0 /var/www/yii-1.1.12/framework/web/actions/CViewAction.php(124): CViewAction->resolveView('index')
#1 /var/www/yii-1.1.12/framework/web/actions/CAction.php(75): CViewAction->run()
#2 /var/www/yii-1.1.12/framework/web/CController.php(309): CAction->runWithParams(Array)
#3 /var/www/yii-1.1.12/framework/web/CController.php(287): CController->runAction(Object(CViewAction))
#4 /var/www/yii-1.1.12/framework/web/CController.php(266): CController->runActionWithFilters(Object(CViewAction), Array)
#5 /var/www/yii-1.1.12/framework/web/CWebApplication.php(283): CController->run('page')
#6 /var/www/yii-1.1.12/framework/web/CWebApplication.php(142): CWebApplication->runController('site/page')
#7 /var/www/yii-1.1.12/framework/base/CApplication.php(162): CWebApplication->processRequest()
#8 /var/www/hidroplantae/index.php(13): CApplication->run()
#9 {main}
REQUEST_URI=/hidroplantae/index.php?r=site/page
HTTP_REFERER=http://localhost/hidroplantae/index.php?r=site/page&view=quienes
---
2013/01/04 19:03:36 [error] [exception.CHttpException.404] exception 'CHttpException' with message 'The requested view "index" was not found.' in /var/www/yii-1.1.12/framework/web/actions/CViewAction.php:113
Stack trace:
#0 /var/www/yii-1.1.12/framework/web/actions/CViewAction.php(124): CViewAction->resolveView('index')
#1 /var/www/yii-1.1.12/framework/web/actions/CAction.php(75): CViewAction->run()
#2 /var/www/yii-1.1.12/framework/web/CController.php(309): CAction->runWithParams(Array)
#3 /var/www/yii-1.1.12/framework/web/CController.php(287): CController->runAction(Object(CViewAction))
#4 /var/www/yii-1.1.12/framework/web/CController.php(266): CController->runActionWithFilters(Object(CViewAction), Array)
#5 /var/www/yii-1.1.12/framework/web/CWebApplication.php(283): CController->run('page')
#6 /var/www/yii-1.1.12/framework/web/CWebApplication.php(142): CWebApplication->runController('site/page')
#7 /var/www/yii-1.1.12/framework/base/CApplication.php(162): CWebApplication->processRequest()
#8 /var/www/hidroplantae/index.php(13): CApplication->run()
#9 {main}
REQUEST_URI=/hidroplantae/index.php?r=site/page
HTTP_REFERER=http://localhost/hidroplantae/index.php?r=site/page
---
2013/01/04 19:04:29 [error] [exception.CHttpException.404] exception 'CHttpException' with message 'The requested view "index" was not found.' in /var/www/yii-1.1.12/framework/web/actions/CViewAction.php:113
Stack trace:
#0 /var/www/yii-1.1.12/framework/web/actions/CViewAction.php(124): CViewAction->resolveView('index')
#1 /var/www/yii-1.1.12/framework/web/actions/CAction.php(75): CViewAction->run()
#2 /var/www/yii-1.1.12/framework/web/CController.php(309): CAction->runWithParams(Array)
#3 /var/www/yii-1.1.12/framework/web/CController.php(287): CController->runAction(Object(CViewAction))
#4 /var/www/yii-1.1.12/framework/web/CController.php(266): CController->runActionWithFilters(Object(CViewAction), Array)
#5 /var/www/yii-1.1.12/framework/web/CWebApplication.php(283): CController->run('page')
#6 /var/www/yii-1.1.12/framework/web/CWebApplication.php(142): CWebApplication->runController('site/page')
#7 /var/www/yii-1.1.12/framework/base/CApplication.php(162): CWebApplication->processRequest()
#8 /var/www/hidroplantae/index.php(13): CApplication->run()
#9 {main}
REQUEST_URI=/hidroplantae/index.php?r=site/page
HTTP_REFERER=http://localhost/hidroplantae/index.php?r=site/page
---
2013/01/04 19:04:30 [error] [exception.CHttpException.404] exception 'CHttpException' with message 'The requested view "index" was not found.' in /var/www/yii-1.1.12/framework/web/actions/CViewAction.php:113
Stack trace:
#0 /var/www/yii-1.1.12/framework/web/actions/CViewAction.php(124): CViewAction->resolveView('index')
#1 /var/www/yii-1.1.12/framework/web/actions/CAction.php(75): CViewAction->run()
#2 /var/www/yii-1.1.12/framework/web/CController.php(309): CAction->runWithParams(Array)
#3 /var/www/yii-1.1.12/framework/web/CController.php(287): CController->runAction(Object(CViewAction))
#4 /var/www/yii-1.1.12/framework/web/CController.php(266): CController->runActionWithFilters(Object(CViewAction), Array)
#5 /var/www/yii-1.1.12/framework/web/CWebApplication.php(283): CController->run('page')
#6 /var/www/yii-1.1.12/framework/web/CWebApplication.php(142): CWebApplication->runController('site/page')
#7 /var/www/yii-1.1.12/framework/base/CApplication.php(162): CWebApplication->processRequest()
#8 /var/www/hidroplantae/index.php(13): CApplication->run()
#9 {main}
REQUEST_URI=/hidroplantae/index.php?r=site/page
HTTP_REFERER=http://localhost/hidroplantae/index.php?r=site/page
---
2013/01/04 19:04:38 [error] [exception.CHttpException.404] exception 'CHttpException' with message 'The requested view "index" was not found.' in /var/www/yii-1.1.12/framework/web/actions/CViewAction.php:113
Stack trace:
#0 /var/www/yii-1.1.12/framework/web/actions/CViewAction.php(124): CViewAction->resolveView('index')
#1 /var/www/yii-1.1.12/framework/web/actions/CAction.php(75): CViewAction->run()
#2 /var/www/yii-1.1.12/framework/web/CController.php(309): CAction->runWithParams(Array)
#3 /var/www/yii-1.1.12/framework/web/CController.php(287): CController->runAction(Object(CViewAction))
#4 /var/www/yii-1.1.12/framework/web/CController.php(266): CController->runActionWithFilters(Object(CViewAction), Array)
#5 /var/www/yii-1.1.12/framework/web/CWebApplication.php(283): CController->run('page')
#6 /var/www/yii-1.1.12/framework/web/CWebApplication.php(142): CWebApplication->runController('site/page')
#7 /var/www/yii-1.1.12/framework/base/CApplication.php(162): CWebApplication->processRequest()
#8 /var/www/hidroplantae/index.php(13): CApplication->run()
#9 {main}
REQUEST_URI=/hidroplantae/index.php?r=site/page
HTTP_REFERER=http://localhost/hidroplantae/index.php?r=site/page
---
2013/01/04 19:04:39 [error] [exception.CHttpException.404] exception 'CHttpException' with message 'The requested view "index" was not found.' in /var/www/yii-1.1.12/framework/web/actions/CViewAction.php:113
Stack trace:
#0 /var/www/yii-1.1.12/framework/web/actions/CViewAction.php(124): CViewAction->resolveView('index')
#1 /var/www/yii-1.1.12/framework/web/actions/CAction.php(75): CViewAction->run()
#2 /var/www/yii-1.1.12/framework/web/CController.php(309): CAction->runWithParams(Array)
#3 /var/www/yii-1.1.12/framework/web/CController.php(287): CController->runAction(Object(CViewAction))
#4 /var/www/yii-1.1.12/framework/web/CController.php(266): CController->runActionWithFilters(Object(CViewAction), Array)
#5 /var/www/yii-1.1.12/framework/web/CWebApplication.php(283): CController->run('page')
#6 /var/www/yii-1.1.12/framework/web/CWebApplication.php(142): CWebApplication->runController('site/page')
#7 /var/www/yii-1.1.12/framework/base/CApplication.php(162): CWebApplication->processRequest()
#8 /var/www/hidroplantae/index.php(13): CApplication->run()
#9 {main}
REQUEST_URI=/hidroplantae/index.php?r=site/page
HTTP_REFERER=http://localhost/hidroplantae/index.php?r=site/page
---
2013/01/04 19:04:48 [error] [exception.CHttpException.404] exception 'CHttpException' with message 'The requested view "index" was not found.' in /var/www/yii-1.1.12/framework/web/actions/CViewAction.php:113
Stack trace:
#0 /var/www/yii-1.1.12/framework/web/actions/CViewAction.php(124): CViewAction->resolveView('index')
#1 /var/www/yii-1.1.12/framework/web/actions/CAction.php(75): CViewAction->run()
#2 /var/www/yii-1.1.12/framework/web/CController.php(309): CAction->runWithParams(Array)
#3 /var/www/yii-1.1.12/framework/web/CController.php(287): CController->runAction(Object(CViewAction))
#4 /var/www/yii-1.1.12/framework/web/CController.php(266): CController->runActionWithFilters(Object(CViewAction), Array)
#5 /var/www/yii-1.1.12/framework/web/CWebApplication.php(283): CController->run('page')
#6 /var/www/yii-1.1.12/framework/web/CWebApplication.php(142): CWebApplication->runController('site/page')
#7 /var/www/yii-1.1.12/framework/base/CApplication.php(162): CWebApplication->processRequest()
#8 /var/www/hidroplantae/index.php(13): CApplication->run()
#9 {main}
REQUEST_URI=/hidroplantae/index.php?r=site/page
HTTP_REFERER=http://localhost/hidroplantae/index.php?r=site/page&view=quienes
---
2013/01/04 19:05:44 [error] [exception.CHttpException.404] exception 'CHttpException' with message 'The requested view "index" was not found.' in /var/www/yii-1.1.12/framework/web/actions/CViewAction.php:113
Stack trace:
#0 /var/www/yii-1.1.12/framework/web/actions/CViewAction.php(124): CViewAction->resolveView('index')
#1 /var/www/yii-1.1.12/framework/web/actions/CAction.php(75): CViewAction->run()
#2 /var/www/yii-1.1.12/framework/web/CController.php(309): CAction->runWithParams(Array)
#3 /var/www/yii-1.1.12/framework/web/CController.php(287): CController->runAction(Object(CViewAction))
#4 /var/www/yii-1.1.12/framework/web/CController.php(266): CController->runActionWithFilters(Object(CViewAction), Array)
#5 /var/www/yii-1.1.12/framework/web/CWebApplication.php(283): CController->run('page')
#6 /var/www/yii-1.1.12/framework/web/CWebApplication.php(142): CWebApplication->runController('site/page')
#7 /var/www/yii-1.1.12/framework/base/CApplication.php(162): CWebApplication->processRequest()
#8 /var/www/hidroplantae/index.php(13): CApplication->run()
#9 {main}
REQUEST_URI=/hidroplantae/index.php?r=site/page
HTTP_REFERER=http://localhost/hidroplantae/index.php?r=site/page
---
2013/01/04 19:12:06 [error] [exception.CHttpException.404] exception 'CHttpException' with message 'The requested view "index" was not found.' in /var/www/yii-1.1.12/framework/web/actions/CViewAction.php:113
Stack trace:
#0 /var/www/yii-1.1.12/framework/web/actions/CViewAction.php(124): CViewAction->resolveView('index')
#1 /var/www/yii-1.1.12/framework/web/actions/CAction.php(75): CViewAction->run()
#2 /var/www/yii-1.1.12/framework/web/CController.php(309): CAction->runWithParams(Array)
#3 /var/www/yii-1.1.12/framework/web/CController.php(287): CController->runAction(Object(CViewAction))
#4 /var/www/yii-1.1.12/framework/web/CController.php(266): CController->runActionWithFilters(Object(CViewAction), Array)
#5 /var/www/yii-1.1.12/framework/web/CWebApplication.php(283): CController->run('page')
#6 /var/www/yii-1.1.12/framework/web/CWebApplication.php(142): CWebApplication->runController('site/page')
#7 /var/www/yii-1.1.12/framework/base/CApplication.php(162): CWebApplication->processRequest()
#8 /var/www/hidroplantae/index.php(13): CApplication->run()
#9 {main}
REQUEST_URI=/hidroplantae/index.php?r=site/page
HTTP_REFERER=http://localhost/hidroplantae/index.php?r=site/page&view=about
---
2013/01/05 12:40:15 [error] [exception.CHttpException.404] exception 'CHttpException' with message 'The requested view "index" was not found.' in /var/www/yii-1.1.12/framework/web/actions/CViewAction.php:113
Stack trace:
#0 /var/www/yii-1.1.12/framework/web/actions/CViewAction.php(124): CViewAction->resolveView('index')
#1 /var/www/yii-1.1.12/framework/web/actions/CAction.php(75): CViewAction->run()
#2 /var/www/yii-1.1.12/framework/web/CController.php(309): CAction->runWithParams(Array)
#3 /var/www/yii-1.1.12/framework/web/CController.php(287): CController->runAction(Object(CViewAction))
#4 /var/www/yii-1.1.12/framework/web/CController.php(266): CController->runActionWithFilters(Object(CViewAction), Array)
#5 /var/www/yii-1.1.12/framework/web/CWebApplication.php(283): CController->run('page')
#6 /var/www/yii-1.1.12/framework/web/CWebApplication.php(142): CWebApplication->runController('site/page')
#7 /var/www/yii-1.1.12/framework/base/CApplication.php(162): CWebApplication->processRequest()
#8 /var/www/hidroplantae/index.php(13): CApplication->run()
#9 {main}
REQUEST_URI=/hidroplantae/index.php?r=site/page
HTTP_REFERER=http://localhost/hidroplantae/index.php?r=site/page&view=about
---
2013/01/05 12:43:43 [error] [exception.CHttpException.404] exception 'CHttpException' with message 'The requested view "index" was not found.' in /var/www/yii-1.1.12/framework/web/actions/CViewAction.php:113
Stack trace:
#0 /var/www/yii-1.1.12/framework/web/actions/CViewAction.php(124): CViewAction->resolveView('index')
#1 /var/www/yii-1.1.12/framework/web/actions/CAction.php(75): CViewAction->run()
#2 /var/www/yii-1.1.12/framework/web/CController.php(309): CAction->runWithParams(Array)
#3 /var/www/yii-1.1.12/framework/web/CController.php(287): CController->runAction(Object(CViewAction))
#4 /var/www/yii-1.1.12/framework/web/CController.php(266): CController->runActionWithFilters(Object(CViewAction), Array)
#5 /var/www/yii-1.1.12/framework/web/CWebApplication.php(283): CController->run('page')
#6 /var/www/yii-1.1.12/framework/web/CWebApplication.php(142): CWebApplication->runController('site/page')
#7 /var/www/yii-1.1.12/framework/base/CApplication.php(162): CWebApplication->processRequest()
#8 /var/www/hidroplantae/index.php(13): CApplication->run()
#9 {main}
REQUEST_URI=/hidroplantae/index.php?r=site/page
HTTP_REFERER=http://localhost/hidroplantae/index.php?r=site/page&view=quienes
---
2013/01/05 12:51:16 [error] [exception.CHttpException.404] exception 'CHttpException' with message 'The requested view "index" was not found.' in /var/www/yii-1.1.12/framework/web/actions/CViewAction.php:113
Stack trace:
#0 /var/www/yii-1.1.12/framework/web/actions/CViewAction.php(124): CViewAction->resolveView('index')
#1 /var/www/yii-1.1.12/framework/web/actions/CAction.php(75): CViewAction->run()
#2 /var/www/yii-1.1.12/framework/web/CController.php(309): CAction->runWithParams(Array)
#3 /var/www/yii-1.1.12/framework/web/CController.php(287): CController->runAction(Object(CViewAction))
#4 /var/www/yii-1.1.12/framework/web/CController.php(266): CController->runActionWithFilters(Object(CViewAction), Array)
#5 /var/www/yii-1.1.12/framework/web/CWebApplication.php(283): CController->run('page')
#6 /var/www/yii-1.1.12/framework/web/CWebApplication.php(142): CWebApplication->runController('site/page')
#7 /var/www/yii-1.1.12/framework/base/CApplication.php(162): CWebApplication->processRequest()
#8 /var/www/hidroplantae/index.php(13): CApplication->run()
#9 {main}
REQUEST_URI=/hidroplantae/index.php?r=site/page
HTTP_REFERER=http://localhost/hidroplantae/index.php?r=site/page&view=quienes
---
